<?xml version="1.0" encoding="UTF-8"?>
<testng-results ignored="0" total="3" passed="3" failed="0" skipped="0">
  <reporter-output>
  </reporter-output>
  <suite started-at="2022-10-22T12:46:40Z" name="Suite" finished-at="2022-10-22T12:48:01Z" duration-ms="81373">
    <groups>
    </groups>
    <test started-at="2022-10-22T12:46:40Z" name="Test" finished-at="2022-10-22T12:48:01Z" duration-ms="81373">
      <class name="executable.Testcase1">
        <test-method signature="TC_012(int, int)[pri:0, instance:executable.Testcase1@4d5650ae]" started-at="2022-10-22T12:46:40Z" name="TC_012" finished-at="2022-10-22T12:47:17Z" duration-ms="37552" status="PASS">
          <params>
            <param index="0">
              <value>
                <![CDATA[122]]>
              </value>
            </param>
            <param index="1">
              <value>
                <![CDATA[400]]>
              </value>
            </param>
          </params>
          <reporter-output>
          </reporter-output>
        </test-method> <!-- TC_012 -->
        <test-method signature="TC_016(int, int)[pri:0, instance:executable.Testcase1@4d5650ae]" started-at="2022-10-22T12:47:17Z" name="TC_016" finished-at="2022-10-22T12:47:40Z" duration-ms="23101" status="PASS">
          <params>
            <param index="0">
              <value>
                <![CDATA[122]]>
              </value>
            </param>
            <param index="1">
              <value>
                <![CDATA[400]]>
              </value>
            </param>
          </params>
          <reporter-output>
          </reporter-output>
        </test-method> <!-- TC_016 -->
        <test-method signature="TC_017()[pri:0, instance:executable.Testcase1@4d5650ae]" started-at="2022-10-22T12:47:40Z" name="TC_017" finished-at="2022-10-22T12:48:01Z" duration-ms="20633" status="PASS">
          <reporter-output>
          </reporter-output>
        </test-method> <!-- TC_017 -->
      </class> <!-- executable.Testcase1 -->
    </test> <!-- Test -->
  </suite> <!-- Suite -->
</testng-results>
